<?xml version="1.0" encoding="UTF-8"?>
<testsuite xmlns:xsi="http://www.w3.org/2001/XMLSchema-instance" xsi:noNamespaceSchemaLocation="https://maven.apache.org/surefire/maven-surefire-plugin/xsd/surefire-test-report-3.0.xsd" version="3.0" name="TestSuite" time="9.619" tests="3" errors="0" skipped="0" failures="0">
  <properties>
[...]
</properties>
  <testcase name="runScenario[&quot;Check login functionality with valid users&quot;, &quot;Login page automation for Sauce demo page&quot;](1)" classname="TestRunner.CucumberTestRunner" time="2.924">
    <system-out><![CDATA[
@smoke
Scenario Outline: Check login functionality with valid users &amp#27;[90m# src/test/resources/Features/login.feature:15&amp#27;[0m
  &amp#27;[32mGiven &amp#27;[0m&amp#27;[32muser is on login page&amp#27;[0m                                &amp#27;[90m# StepDefinitions.PageFactoryStepDefinition.user_is_on_login_page()&amp#27;[0m
  &amp#27;[32mWhen &amp#27;[0m&amp#27;[32muser enters &amp#27;[0m&amp#27;[32m&amp#27;[1m"standard_user"&amp#27;[0m&amp#27;[32m and &amp#27;[0m&amp#27;[32m&amp#27;[1m"secret_sauce"&amp#27;[0m        &amp#27;[90m# StepDefinitions.PageFactoryStepDefinition.user_enters_username_and_password(java.lang.String,java.lang.String)&amp#27;[0m
  &amp#27;[32mAnd &amp#27;[0m&amp#27;[32muser clicks on login button&amp#27;[0m                            &amp#27;[90m# StepDefinitions.PageFactoryStepDefinition.user_clicks_on_login_button()&amp#27;[0m
  &amp#27;[32mThen &amp#27;[0m&amp#27;[32muser is navigated to home page&amp#27;[0m                        &amp#27;[90m# StepDefinitions.PageFactoryStepDefinition.user_is_navigated_to_home_page()&amp#27;[0m
  &amp#27;[32mAnd &amp#27;[0m&amp#27;[32muser close the browser&amp#27;[0m                                 &amp#27;[90m# StepDefinitions.PageFactoryStepDefinition.user_close_the_browser()&amp#27;[0m
]]></system-out>
    <system-err><![CDATA[SLF4J: Failed to load class "org.slf4j.impl.StaticLoggerBinder".
SLF4J: Defaulting to no-operation (NOP) logger implementation
SLF4J: See http://www.slf4j.org/codes.html#StaticLoggerBinder for further details.
]]></system-err>
  </testcase>
  <testcase name="runScenario[&quot;Check login functionality with valid users&quot;, &quot;Login page automation for Sauce demo page&quot;](2)" classname="TestRunner.CucumberTestRunner" time="2.506">
    <system-out><![CDATA[
@smoke
Scenario Outline: Check login functionality with valid users &amp#27;[90m# src/test/resources/Features/login.feature:16&amp#27;[0m
  &amp#27;[32mGiven &amp#27;[0m&amp#27;[32muser is on login page&amp#27;[0m                                &amp#27;[90m# StepDefinitions.PageFactoryStepDefinition.user_is_on_login_page()&amp#27;[0m
  &amp#27;[32mWhen &amp#27;[0m&amp#27;[32muser enters &amp#27;[0m&amp#27;[32m&amp#27;[1m"visual_user"&amp#27;[0m&amp#27;[32m and &amp#27;[0m&amp#27;[32m&amp#27;[1m"secret_sauce"&amp#27;[0m          &amp#27;[90m# StepDefinitions.PageFactoryStepDefinition.user_enters_username_and_password(java.lang.String,java.lang.String)&amp#27;[0m
  &amp#27;[32mAnd &amp#27;[0m&amp#27;[32muser clicks on login button&amp#27;[0m                            &amp#27;[90m# StepDefinitions.PageFactoryStepDefinition.user_clicks_on_login_button()&amp#27;[0m
  &amp#27;[32mThen &amp#27;[0m&amp#27;[32muser is navigated to home page&amp#27;[0m                        &amp#27;[90m# StepDefinitions.PageFactoryStepDefinition.user_is_navigated_to_home_page()&amp#27;[0m
  &amp#27;[32mAnd &amp#27;[0m&amp#27;[32muser close the browser&amp#27;[0m                                 &amp#27;[90m# StepDefinitions.PageFactoryStepDefinition.user_close_the_browser()&amp#27;[0m
]]></system-out>
  </testcase>
  <testcase name="runScenario[&quot;Check login functionality with valid users&quot;, &quot;Login page automation for Sauce demo page&quot;](3)" classname="TestRunner.CucumberTestRunner" time="2.962">
    <system-out><![CDATA[
@smoke
Scenario Outline: Check login functionality with valid users &amp#27;[90m# src/test/resources/Features/login.feature:17&amp#27;[0m
  &amp#27;[32mGiven &amp#27;[0m&amp#27;[32muser is on login page&amp#27;[0m                                &amp#27;[90m# StepDefinitions.PageFactoryStepDefinition.user_is_on_login_page()&amp#27;[0m
  &amp#27;[32mWhen &amp#27;[0m&amp#27;[32muser enters &amp#27;[0m&amp#27;[32m&amp#27;[1m"problem_user"&amp#27;[0m&amp#27;[32m and &amp#27;[0m&amp#27;[32m&amp#27;[1m"secret_sauce"&amp#27;[0m         &amp#27;[90m# StepDefinitions.PageFactoryStepDefinition.user_enters_username_and_password(java.lang.String,java.lang.String)&amp#27;[0m
  &amp#27;[32mAnd &amp#27;[0m&amp#27;[32muser clicks on login button&amp#27;[0m                            &amp#27;[90m# StepDefinitions.PageFactoryStepDefinition.user_clicks_on_login_button()&amp#27;[0m
  &amp#27;[32mThen &amp#27;[0m&amp#27;[32muser is navigated to home page&amp#27;[0m                        &amp#27;[90m# StepDefinitions.PageFactoryStepDefinition.user_is_navigated_to_home_page()&amp#27;[0m
  &amp#27;[32mAnd &amp#27;[0m&amp#27;[32muser close the browser&amp#27;[0m                                 &amp#27;[90m# StepDefinitions.PageFactoryStepDefinition.user_close_the_browser()&amp#27;[0m
]]></system-out>
  </testcase>
</testsuite>